\BOOKMARK [0][-]{chapter.1}{Introduction}{}% 1
\BOOKMARK [0][-]{chapter.2}{Previous Work: \040A Public Database of Evolved Oscillatory Reaction Networks}{}% 2
\BOOKMARK [1][-]{section.2.1}{Background}{chapter.2}% 3
\BOOKMARK [1][-]{section.2.2}{Methods}{chapter.2}% 4
\BOOKMARK [2][-]{subsection.2.2.1}{Model Representation}{section.2.2}% 5
\BOOKMARK [2][-]{subsection.2.2.2}{Objective Function}{section.2.2}% 6
\BOOKMARK [2][-]{subsection.2.2.3}{ODE Solver}{section.2.2}% 7
\BOOKMARK [2][-]{subsection.2.2.4}{Selection}{section.2.2}% 8
\BOOKMARK [2][-]{subsection.2.2.5}{Mutation}{section.2.2}% 9
\BOOKMARK [2][-]{subsection.2.2.6}{Random Networks for Evolution}{section.2.2}% 10
\BOOKMARK [2][-]{subsection.2.2.7}{Custom Evolution Algorithm}{section.2.2}% 11
\BOOKMARK [2][-]{subsection.2.2.8}{Random Control Networks}{section.2.2}% 12
\BOOKMARK [1][-]{section.2.3}{Results}{chapter.2}% 13
\BOOKMARK [2][-]{subsection.2.3.1}{Database Construction}{section.2.3}% 14
\BOOKMARK [2][-]{subsection.2.3.2}{Oscillating Network Examples}{section.2.3}% 15
\BOOKMARK [1][-]{section.2.4}{Discussion}{chapter.2}% 16
\BOOKMARK [0][-]{chapter.3}{Background: Adapting Credibility Standards to Computational Systems Biology}{}% 17
\BOOKMARK [1][-]{section.3.1}{Introduction}{chapter.3}% 18
\BOOKMARK [1][-]{section.3.2}{Current Standards in Systems Biology}{chapter.3}% 19
\BOOKMARK [2][-]{subsection.3.2.1}{Model Representation}{section.3.2}% 20
\BOOKMARK [2][-]{subsection.3.2.2}{Annotation}{section.3.2}% 21
\BOOKMARK [2][-]{subsection.3.2.3}{Simulation and Parameter Estimation}{section.3.2}% 22
\BOOKMARK [2][-]{subsection.3.2.4}{Dissemination}{section.3.2}% 23
\BOOKMARK [1][-]{section.3.3}{Credibility Guidelines in Systems Biology}{chapter.3}% 24
\BOOKMARK [1][-]{section.3.4}{Qualitative Credibility Assessment in Other Modeling Fields}{chapter.3}% 25
\BOOKMARK [2][-]{subsection.3.4.1}{NASA Credibility Assessment Scale}{section.3.4}% 26
\BOOKMARK [2][-]{subsection.3.4.2}{Credibility Standards for Medical Models}{section.3.4}% 27
\BOOKMARK [2][-]{subsection.3.4.3}{Current Tools for Systems Biology Model Testing}{section.3.4}% 28
\BOOKMARK [1][-]{section.3.5}{Discussion}{chapter.3}% 29
\BOOKMARK [1][-]{section.3.6}{Conclusion}{chapter.3}% 30
\BOOKMARK [0][-]{chapter.4}{Overview of Proposed Research:Software for Automated Credibility Assessment in Systems Biology Models}{}% 31
\BOOKMARK [1][-]{section.4.1}{Introduction}{chapter.4}% 32
\BOOKMARK [1][-]{section.4.2}{Types of Software Testing}{chapter.4}% 33
\BOOKMARK [1][-]{section.4.3}{Sensitivity Analysis}{chapter.4}% 34
\BOOKMARK [1][-]{section.4.4}{Research Aims}{chapter.4}% 35
\BOOKMARK [0][-]{chapter.5}{Dynamic Testing}{}% 36
\BOOKMARK [1][-]{section.5.1}{Model dynamics}{chapter.5}% 37
\BOOKMARK [1][-]{section.5.2}{Negative Concentrations and Concentrations Approaching Infinity}{chapter.5}% 38
\BOOKMARK [1][-]{section.5.3}{Specific Changes in Model Variables}{chapter.5}% 39
\BOOKMARK [1][-]{section.5.4}{Bounds Checking}{chapter.5}% 40
\BOOKMARK [1][-]{section.5.5}{Infrastructure}{chapter.5}% 41
\BOOKMARK [0][-]{chapter.6}{Verification and Validation}{}% 42
\BOOKMARK [1][-]{section.6.1}{Validation}{chapter.6}% 43
\BOOKMARK [1][-]{section.6.2}{Verification}{chapter.6}% 44
\BOOKMARK [0][-]{chapter.7}{Sensitivity and Uncertainty Analysis}{}% 45
\BOOKMARK [1][-]{section.7.1}{Introduction}{chapter.7}% 46
\BOOKMARK [1][-]{section.7.2}{Sources of Parameter Uncertainty}{chapter.7}% 47
\BOOKMARK [1][-]{section.7.3}{One-at-a-Time \(OAT\) Sensitivity Analysis}{chapter.7}% 48
\BOOKMARK [1][-]{section.7.4}{Weaknesses of OAT Sensitivity Analysis}{chapter.7}% 49
\BOOKMARK [0][-]{chapter.8}{Summary}{}% 50
